<?xml version="1.0" encoding="UTF-8"?>
<!-- Generated by org.testng.reporters.JUnitReportReporter -->
<testsuite hostname="Ty_Nguyen" name="com.beecow.testcase.CreateProductScript" tests="27" failures="0" timestamp="22 May 2019 09:44:33 GMT" time="171.793" errors="0">
  <testcase name="TC_31_PostValidFieldToHeightAndHeightValua1" time="11.173" classname="com.beecow.testcase.CreateProductScript"/>
  <testcase name="TC_33_CreatProductSuccessfulAfterVerifyAllValueFieldDisplayProduct" time="30.837" classname="com.beecow.testcase.CreateProductScript"/>
  <testcase name="TC_23_PostValidFieldToWidthWidthMinAndButBlankLengthHeight" time="4.989" classname="com.beecow.testcase.CreateProductScript"/>
  <testcase name="TC_24_PostValidFieldButBlankLengthHeight" time="4.394" classname="com.beecow.testcase.CreateProductScript"/>
  <testcase name="TC_16PostWithInputValidFieldToPrice" time="4.187" classname="com.beecow.testcase.CreateProductScript"/>
  <testcase name="TC_12_PostWithUploadImgAndNameproductAndClickRandomCategory1" time="4.243" classname="com.beecow.testcase.CreateProductScript"/>
  <testcase name="TC_29_PostValidFieldToHeightButHeightSmallerRange" time="4.877" classname="com.beecow.testcase.CreateProductScript"/>
  <testcase name="TC_11_OnlyUploadImgAndNameproduct" time="3.016" classname="com.beecow.testcase.CreateProductScript"/>
  <testcase name="TC_22_PostValidFieldToWidthButWidthBiggerRange" time="4.253" classname="com.beecow.testcase.CreateProductScript"/>
  <testcase name="TC_21_PostValidFieldToWidthButWidthSmallerRange" time="4.541" classname="com.beecow.testcase.CreateProductScript"/>
  <testcase name="TC_10_OnlyUploadImgAndPost" time="3.283" classname="com.beecow.testcase.CreateProductScript"/>
  <testcase name="TC_20_PostAllFieldCorrectButBlankWidtLengthHeight" time="4.241" classname="com.beecow.testcase.CreateProductScript"/>
  <testcase name="TC_18PostValidFieldToWeightButBiggerRange" time="4.378" classname="com.beecow.testcase.CreateProductScript"/>
  <testcase name="TC_34_CreatProductSuccessfulAfterEditAndVerifyPriceDisplayProductValue" time="22.408" classname="com.beecow.testcase.CreateProductScript"/>
  <testcase name="TC_17_PostValidFieldToWeightButSmallerRange" time="5.564" classname="com.beecow.testcase.CreateProductScript"/>
  <testcase name="TC_13_PostWithInputFieldValidToCategoryRandomProductName3" time="4.045" classname="com.beecow.testcase.CreateProductScript"/>
  <testcase name="TC_32_InputAllFieldCorrectButPriceProductNoDiscount" time="10.358" classname="com.beecow.testcase.CreateProductScript"/>
  <testcase name="TC_09_DontInputFieldAndPost" time="3.306" classname="com.beecow.testcase.CreateProductScript"/>
  <testcase name="TC_08_VerifyCurrentUrL" time="1.262" classname="com.beecow.testcase.CreateProductScript"/>
  <testcase name="TC_15_PostWithInputValidFieldToQuantity" time="4.836" classname="com.beecow.testcase.CreateProductScript"/>
  <testcase name="TC_26_PostValidFieldToLengthButLengthBiggerRange" time="4.344" classname="com.beecow.testcase.CreateProductScript"/>
  <testcase name="TC_28_PostValidFieldToLengthButBlankHeight" time="4.281" classname="com.beecow.testcase.CreateProductScript"/>
  <testcase name="TC_30_PostValidFieldToHeightButHeightBiggerRange" time="4.497" classname="com.beecow.testcase.CreateProductScript"/>
  <testcase name="TC_25_PostValidFieldToLengthButLengthSmallerRange" time="5.198" classname="com.beecow.testcase.CreateProductScript"/>
  <testcase name="TC_27_PostValidFieldToLengthAndLenghtOne" time="4.801" classname="com.beecow.testcase.CreateProductScript"/>
  <testcase name="TC_19_PostValidFieldToWeightButWeightMin" time="4.559" classname="com.beecow.testcase.CreateProductScript"/>
  <testcase name="TC_14_PostWithInputFieldValidToDescription" time="3.922" classname="com.beecow.testcase.CreateProductScript"/>
</testsuite> <!-- com.beecow.testcase.CreateProductScript -->
