<?xml version="1.0" encoding="UTF-8"?>
<!-- Generated by org.testng.reporters.JUnitReportReporter -->
<testsuite hostname="Ty_Nguyen" name="com.beecow.testcase.LoginScript" tests="7" failures="0" timestamp="22 May 2019 09:44:33 GMT" time="9.856" errors="0">
  <testcase name="TC_06_LogincorrectEmailWrongPassword" time="0.762" classname="com.beecow.testcase.LoginScript"/>
  <testcase name="TC_05_LogincorrectEmailPasswordNotEnoughtCharracter" time="0.284" classname="com.beecow.testcase.LoginScript"/>
  <testcase name="TC_03_LoginWrongEmail" time="0.351" classname="com.beecow.testcase.LoginScript"/>
  <testcase name="TC_01_LoginEmptyEmailAndPassWord" time="1.398" classname="com.beecow.testcase.LoginScript"/>
  <testcase name="TC_07_LoginCorrectEmailSdtAndPassword" time="6.256" classname="com.beecow.testcase.LoginScript"/>
  <testcase name="TC_02_LoginWrongSDT" time="0.347" classname="com.beecow.testcase.LoginScript"/>
  <testcase name="TC_04_LogincorrectEmailBlankPassword" time="0.458" classname="com.beecow.testcase.LoginScript"/>
</testsuite> <!-- com.beecow.testcase.LoginScript -->
